# JRE version: OpenJDK Runtime Environment (8.0_242-b01) (build 1.8.0_242-release-1644-b01)
# Java VM: OpenJDK 64-Bit Server VM (25.242-b01 mixed mode windows-amd64 compressed oops)
Heap:
 PSYoungGen      total 19968K, used 15537K [0x00000000d5580000, 0x00000000d6d80000, 0x0000000100000000)
  eden space 15360K, 93% used [0x00000000d5580000,0x00000000d638d660,0x00000000d6480000)
  from space 4608K, 24% used [0x00000000d6480000,0x00000000d659ee50,0x00000000d6900000)
  to   space 4608K, 0% used [0x00000000d6900000,0x00000000d6900000,0x00000000d6d80000)
 ParOldGen       total 31744K, used 13431K [0x0000000080000000, 0x0000000081f00000, 0x00000000d5580000)
  object space 31744K, 42% used [0x0000000080000000,0x0000000080d1df90,0x0000000081f00000)
 Metaspace       used 35717K, capacity 36972K, committed 37288K, reserved 1081344K
  class space    used 4900K, capacity 5179K, committed 5296K, reserved 1048576K
GC Heap History (10 events):
Event: 115.065 GC heap before
{Heap before GC invocations=23 (full 1):
 PSYoungGen      total 20480K, used 16837K [0x00000000d5580000, 0x00000000d6e80000, 0x0000000100000000)
  eden space 15360K, 100% used [0x00000000d5580000,0x00000000d6480000,0x00000000d6480000)
  from space 5120K, 28% used [0x00000000d6480000,0x00000000d65f1438,0x00000000d6980000)
  to   space 5120K, 0% used [0x00000000d6980000,0x00000000d6980000,0x00000000d6e80000)
 ParOldGen       total 25088K, used 12036K [0x0000000080000000, 0x0000000081880000, 0x00000000d5580000)
  object space 25088K, 47% used [0x0000000080000000,0x0000000080bc12a8,0x0000000081880000)
 Metaspace       used 33429K, capacity 34578K, committed 34864K, reserved 1079296K
  class space    used 4581K, capacity 4858K, committed 4912K, reserved 1048576K
Event: 115.069 GC heap after
Heap after GC invocations=23 (full 1):
 PSYoungGen      total 19456K, used 1192K [0x00000000d5580000, 0x00000000d6d80000, 0x0000000100000000)
  eden space 15360K, 0% used [0x00000000d5580000,0x00000000d5580000,0x00000000d6480000)
  from space 4096K, 29% used [0x00000000d6980000,0x00000000d6aaa358,0x00000000d6d80000)
  to   space 4608K, 0% used [0x00000000d6480000,0x00000000d6480000,0x00000000d6900000)
 ParOldGen       total 25088K, used 12996K [0x0000000080000000, 0x0000000081880000, 0x00000000d5580000)
  object space 25088K, 51% used [0x0000000080000000,0x0000000080cb12c8,0x0000000081880000)
 Metaspace       used 33429K, capacity 34578K, committed 34864K, reserved 1079296K
  class space    used 4581K, capacity 4858K, committed 4912K, reserved 1048576K
}
Event: 118.277 GC heap before
{Heap before GC invocations=24 (full 1):
 PSYoungGen      total 19456K, used 16552K [0x00000000d5580000, 0x00000000d6d80000, 0x0000000100000000)
  eden space 15360K, 100% used [0x00000000d5580000,0x00000000d6480000,0x00000000d6480000)
  from space 4096K, 29% used [0x00000000d6980000,0x00000000d6aaa358,0x00000000d6d80000)
  to   space 4608K, 0% used [0x00000000d6480000,0x00000000d6480000,0x00000000d6900000)
 ParOldGen       total 25088K, used 12996K [0x0000000080000000, 0x0000000081880000, 0x00000000d5580000)
  object space 25088K, 51% used [0x0000000080000000,0x0000000080cb12c8,0x0000000081880000)
 Metaspace       used 34092K, capacity 35188K, committed 35496K, reserved 1079296K
  class space    used 4690K, capacity 4969K, committed 5040K, reserved 1048576K
Event: 118.283 GC heap after
Heap after GC invocations=24 (full 1):
 PSYoungGen      total 19968K, used 1056K [0x00000000d5580000, 0x00000000d6d80000, 0x0000000100000000)
  eden space 15360K, 0% used [0x00000000d5580000,0x00000000d5580000,0x00000000d6480000)
  from space 4608K, 22% used [0x00000000d6480000,0x00000000d6588000,0x00000000d6900000)
  to   space 4608K, 0% used [0x00000000d6900000,0x00000000d6900000,0x00000000d6d80000)
 ParOldGen       total 25088K, used 13500K [0x0000000080000000, 0x0000000081880000, 0x00000000d5580000)
  object space 25088K, 53% used [0x0000000080000000,0x0000000080d2f2c8,0x0000000081880000)
 Metaspace       used 34092K, capacity 35188K, committed 35496K, reserved 1079296K
  class space    used 4690K, capacity 4969K, committed 5040K, reserved 1048576K
}
Event: 123.821 GC heap before
{Heap before GC invocations=25 (full 1):
 PSYoungGen      total 19968K, used 6026K [0x00000000d5580000, 0x00000000d6d80000, 0x0000000100000000)
  eden space 15360K, 32% used [0x00000000d5580000,0x00000000d5a5a958,0x00000000d6480000)
  from space 4608K, 22% used [0x00000000d6480000,0x00000000d6588000,0x00000000d6900000)
  to   space 4608K, 0% used [0x00000000d6900000,0x00000000d6900000,0x00000000d6d80000)
 ParOldGen       total 25088K, used 13500K [0x0000000080000000, 0x0000000081880000, 0x00000000d5580000)
  object space 25088K, 53% used [0x0000000080000000,0x0000000080d2f2c8,0x0000000081880000)
 Metaspace       used 34288K, capacity 35414K, committed 35496K, reserved 1079296K
  class space    used 4719K, capacity 5002K, committed 5040K, reserved 1048576K
Event: 123.826 GC heap after
Heap after GC invocations=25 (full 1):
 PSYoungGen      total 19968K, used 396K [0x00000000d5580000, 0x00000000d6d80000, 0x0000000100000000)
  eden space 15360K, 0% used [0x00000000d5580000,0x00000000d5580000,0x00000000d6480000)
  from space 4608K, 8% used [0x00000000d6900000,0x00000000d6963360,0x00000000d6d80000)
  to   space 4608K, 0% used [0x00000000d6480000,0x00000000d6480000,0x00000000d6900000)
 ParOldGen       total 25088K, used 13852K [0x0000000080000000, 0x0000000081880000, 0x00000000d5580000)
  object space 25088K, 55% used [0x0000000080000000,0x0000000080d872c8,0x0000000081880000)
 Metaspace       used 34288K, capacity 35414K, committed 35496K, reserved 1079296K
  class space    used 4719K, capacity 5002K, committed 5040K, reserved 1048576K
}
Event: 123.826 GC heap before
{Heap before GC invocations=26 (full 2):
 PSYoungGen      total 19968K, used 396K [0x00000000d5580000, 0x00000000d6d80000, 0x0000000100000000)
  eden space 15360K, 0% used [0x00000000d5580000,0x00000000d5580000,0x00000000d6480000)
  from space 4608K, 8% used [0x00000000d6900000,0x00000000d6963360,0x00000000d6d80000)
  to   space 4608K, 0% used [0x00000000d6480000,0x00000000d6480000,0x00000000d6900000)
 ParOldGen       total 25088K, used 13852K [0x0000000080000000, 0x0000000081880000, 0x00000000d5580000)
  object space 25088K, 55% used [0x0000000080000000,0x0000000080d872c8,0x0000000081880000)
 Metaspace       used 34288K, capacity 35414K, committed 35496K, reserved 1079296K
  class space    used 4719K, capacity 5002K, committed 5040K, reserved 1048576K
Event: 124.137 GC heap after
Heap after GC invocations=26 (full 2):
 PSYoungGen      total 19968K, used 0K [0x00000000d5580000, 0x00000000d6d80000, 0x0000000100000000)
  eden space 15360K, 0% used [0x00000000d5580000,0x00000000d5580000,0x00000000d6480000)
  from space 4608K, 0% used [0x00000000d6900000,0x00000000d6900000,0x00000000d6d80000)
  to   space 4608K, 0% used [0x00000000d6480000,0x00000000d6480000,0x00000000d6900000)
 ParOldGen       total 31744K, used 13431K [0x0000000080000000, 0x0000000081f00000, 0x00000000d5580000)
  object space 31744K, 42% used [0x0000000080000000,0x0000000080d1df90,0x0000000081f00000)
 Metaspace       used 34288K, capacity 35414K, committed 35496K, reserved 1079296K
  class space    used 4719K, capacity 5002K, committed 5040K, reserved 1048576K
}
Event: 148.488 GC heap before
{Heap before GC invocations=27 (full 2):
 PSYoungGen      total 19968K, used 15360K [0x00000000d5580000, 0x00000000d6d80000, 0x0000000100000000)
  eden space 15360K, 100% used [0x00000000d5580000,0x00000000d6480000,0x00000000d6480000)
  from space 4608K, 0% used [0x00000000d6900000,0x00000000d6900000,0x00000000d6d80000)
  to   space 4608K, 0% used [0x00000000d6480000,0x00000000d6480000,0x00000000d6900000)
 ParOldGen       total 31744K, used 13431K [0x0000000080000000, 0x0000000081f00000, 0x00000000d5580000)
  object space 31744K, 42% used [0x0000000080000000,0x0000000080d1df90,0x0000000081f00000)
 Metaspace       used 35074K, capacity 36226K, committed 36392K, reserved 1081344K
  class space    used 4829K, capacity 5096K, committed 5168K, reserved 1048576K
Event: 148.492 GC heap after
Heap after GC invocations=27 (full 2):
 PSYoungGen      total 19968K, used 1147K [0x00000000d5580000, 0x00000000d6d80000, 0x0000000100000000)
  eden space 15360K, 0% used [0x00000000d5580000,0x00000000d5580000,0x00000000d6480000)
  from space 4608K, 24% used [0x00000000d6480000,0x00000000d659ee50,0x00000000d6900000)
  to   space 4608K, 0% used [0x00000000d6900000,0x00000000d6900000,0x00000000d6d80000)
 ParOldGen       total 31744K, used 13431K [0x0000000080000000, 0x0000000081f00000, 0x00000000d5580000)
  object space 31744K, 42% used [0x0000000080000000,0x0000000080d1df90,0x0000000081f00000)
 Metaspace       used 35074K, capacity 36226K, committed 36392K, reserved 1081344K
  class space    used 4829K, capacity 5096K, committed 5168K, reserved 1048576K
}

